Compiling the CXX compiler identification source file "CMakeCXXCompilerId.cpp" failed.
Compiler: /usr/bin/c++ 
Build flags: 
Id flags:  

The output was:
1
/usr/bin/ld: cannot open output file a.out: 没有那个文件或目录
collect2: error: ld returned 1 exit status


Compiling the CXX compiler identification source file "CMakeCXXCompilerId.cpp" failed.
Compiler: /usr/bin/c++ 
Build flags: 
Id flags:  

The output was:
1
/usr/bin/ld: cannot open output file a.out: 没有那个文件或目录
collect2: error: ld returned 1 exit status


The CXX compiler identification could not be found in "/media/eureka/eureka/GNSS Algorithm/SPP/cmake-build-debug/CMakeFiles/3.17.3/CompilerIdCXX/CMakeCXXCompilerId.o"

Compilation of the CXX compiler identification source "CMakeCXXCompilerId.cpp" did not produce an executable in "/media/eureka/eureka/GNSS Algorithm/SPP/cmake-build-debug/CMakeFiles/3.17.3/CompilerIdCXX".

Compiling the CXX compiler identification source file "CMakeCXXCompilerId.cpp" failed.
Compiler: /usr/bin/c++ 
Build flags: 
Id flags: --c++ 

The output was:
1
c++: error: unrecognized command line option ‘--c++’


Compiling the CXX compiler identification source file "CMakeCXXCompilerId.cpp" failed.
Compiler: /usr/bin/c++ 
Build flags: 
Id flags: --c++ 

The output was:
1
c++: error: unrecognized command line option ‘--c++’


Compiling the CXX compiler identification source file "CMakeCXXCompilerId.cpp" failed.
Compiler: /usr/bin/c++ 
Build flags: 
Id flags: --ec++ 

The output was:
1
c++: error: unrecognized command line option ‘--ec++’; did you mean ‘-Weffc++’?


Compiling the CXX compiler identification source file "CMakeCXXCompilerId.cpp" failed.
Compiler: /usr/bin/c++ 
Build flags: 
Id flags: --ec++ 

The output was:
1
c++: error: CMakeCXXCompilerId.cpp: 没有那个文件或目录
c++: error: unrecognized command line option ‘--ec++’; did you mean ‘-Weffc++’?
c++: fatal error: no input files
compilation terminated.


Compiling the CXX compiler identification source file "CMakeCXXCompilerId.cpp" failed.
Compiler: /usr/bin/c++ 
Build flags: 
Id flags: --target=arm-arm-none-eabi;-mcpu=cortex-m3 

The output was:
1
c++: warning: ‘-mcpu=’ is deprecated; use ‘-mtune=’ or ‘-march=’ instead
c++: error: unrecognized command line option ‘--target=arm-arm-none-eabi’


Compiling the CXX compiler identification source file "CMakeCXXCompilerId.cpp" failed.
Compiler: /usr/bin/c++ 
Build flags: 
Id flags: --target=arm-arm-none-eabi;-mcpu=cortex-m3 

The output was:
1
c++: warning: ‘-mcpu=’ is deprecated; use ‘-mtune=’ or ‘-march=’ instead
c++: error: unrecognized command line option ‘--target=arm-arm-none-eabi’


Detecting C compiler ABI info failed to compile with the following output:
Change Dir: /media/eureka/eureka/GNSS Algorithm/SPP/cmake-build-debug/CMakeFiles/CMakeTmp

Run Build Command(s):/usr/bin/make cmTC_bf4b3/fast && /usr/bin/make  -f CMakeFiles/cmTC_bf4b3.dir/build.make CMakeFiles/cmTC_bf4b3.dir/build
make[1]: Entering directory '/media/eureka/eureka/GNSS Algorithm/SPP/cmake-build-debug/CMakeFiles/CMakeTmp'
make[1]: CMakeFiles/cmTC_bf4b3.dir/build.make: No such file or directory
make[1]: *** No rule to make target 'CMakeFiles/cmTC_bf4b3.dir/build.make'.  Stop.
make[1]: Leaving directory '/media/eureka/eureka/GNSS Algorithm/SPP/cmake-build-debug/CMakeFiles/CMakeTmp'
make: *** [Makefile:141: cmTC_bf4b3/fast] Error 2




Determining if the C compiler works failed with the following output:
Change Dir: /media/eureka/eureka/GNSS Algorithm/SPP/cmake-build-debug/CMakeFiles/CMakeTmp

Run Build Command(s):/usr/bin/make cmTC_2a353/fast && /usr/bin/make  -f CMakeFiles/cmTC_2a353.dir/build.make CMakeFiles/cmTC_2a353.dir/build
make[1]: 进入目录“/media/eureka/eureka/GNSS Algorithm/SPP/cmake-build-debug/CMakeFiles/CMakeTmp”
Building C object CMakeFiles/cmTC_2a353.dir/testCCompiler.c.o
/usr/bin/cc    -o CMakeFiles/cmTC_2a353.dir/testCCompiler.c.o   -c "/media/eureka/eureka/GNSS Algorithm/SPP/cmake-build-debug/CMakeFiles/CMakeTmp/testCCompiler.c"
Assembler messages:
致命错误： can't create CMakeFiles/cmTC_2a353.dir/testCCompiler.c.o: 没有那个文件或目录
make[1]: *** [CMakeFiles/cmTC_2a353.dir/build.make:86：CMakeFiles/cmTC_2a353.dir/testCCompiler.c.o] 错误 1
make[1]: 离开目录“/media/eureka/eureka/GNSS Algorithm/SPP/cmake-build-debug/CMakeFiles/CMakeTmp”
make: *** [Makefile:141：cmTC_2a353/fast] 错误 2



